{
  "RSpec": {
    "coverage": {
      "/home/cotne_ok/Desktop/Projects/nile/spec/controllers/books_controller_spec.rb": [
        1,
        null,
        1,
        1,
        1,
        1,
        null,
        null
      ],
      "/home/cotne_ok/Desktop/Projects/nile/spec/rails_helper.rb": [
        null,
        1,
        1,
        1,
        null,
        1,
        1,
        null,
        null,
        null,
        null,
        null,
        null,
        null,
        null,
        null,
        null,
        null,
        null,
        null,
        null,
        null,
        null,
        null,
        null,
        null,
        null,
        1,
        null,
        0,
        0,
        null,
        1,
        null,
        1,
        null,
        null,
        null,
        null,
        1,
        null,
        null,
        null,
        null,
        null,
        null,
        null,
        null,
        null,
        null,
        null,
        null,
        null,
        null,
        1,
        null,
        null,
        1,
        null,
        null,
        null
      ],
      "/home/cotne_ok/Desktop/Projects/nile/config/environment.rb": [
        null,
        1,
        null,
        null,
        1
      ],
      "/home/cotne_ok/Desktop/Projects/nile/config/application.rb": [
        1,
        null,
        1,
        null,
        1,
        1,
        1,
        1,
        1,
        1,
        1,
        1,
        null,
        1,
        null,
        null,
        null,
        1,
        null,
        1,
        1,
        null,
        1,
        null,
        null,
        null,
        null,
        null,
        null,
        null,
        null,
        null,
        1,
        null,
        null
      ],
      "/home/cotne_ok/Desktop/Projects/nile/config/boot.rb": [
        1,
        null,
        1,
        1
      ],
      "/home/cotne_ok/Desktop/Projects/nile/config/environments/test.rb": [
        1,
        null,
        null,
        null,
        null,
        null,
        null,
        1,
        null,
        null,
        null,
        null,
        1,
        null,
        null,
        1,
        1,
        null,
        null,
        null,
        null,
        1,
        1,
        null,
        null,
        1,
        null,
        null,
        1,
        null,
        null,
        1,
        null,
        1,
        null,
        null,
        null,
        null,
        1,
        null,
        null,
        1,
        null,
        null,
        null,
        null
      ],
      "/home/cotne_ok/Desktop/Projects/nile/config/initializers/application_controller_renderer.rb": [
        null,
        null,
        null,
        null,
        null,
        null,
        null,
        null
      ],
      "/home/cotne_ok/Desktop/Projects/nile/config/initializers/backtrace_silencers.rb": [
        null,
        null,
        null,
        null,
        null,
        null,
        null
      ],
      "/home/cotne_ok/Desktop/Projects/nile/config/initializers/cors.rb": [
        null,
        null,
        null,
        null,
        null,
        null,
        null,
        null,
        null,
        null,
        null,
        null,
        null,
        null,
        null,
        null
      ],
      "/home/cotne_ok/Desktop/Projects/nile/config/initializers/filter_parameter_logging.rb": [
        null,
        null,
        null,
        1
      ],
      "/home/cotne_ok/Desktop/Projects/nile/config/initializers/inflections.rb": [
        null,
        null,
        null,
        null,
        null,
        null,
        null,
        null,
        null,
        null,
        null,
        null,
        null,
        null,
        null,
        null
      ],
      "/home/cotne_ok/Desktop/Projects/nile/config/initializers/mime_types.rb": [
        null,
        null,
        null,
        null
      ],
      "/home/cotne_ok/Desktop/Projects/nile/config/initializers/wrap_parameters.rb": [
        null,
        null,
        null,
        null,
        null,
        null,
        1,
        2,
        null,
        null,
        null,
        null,
        null,
        null
      ],
      "/home/cotne_ok/Desktop/Projects/nile/spec/factories/authors.rb": [
        1,
        1,
        null,
        null
      ],
      "/home/cotne_ok/Desktop/Projects/nile/spec/factories/book.rb": [
        1,
        1,
        null,
        null
      ],
      "/home/cotne_ok/Desktop/Projects/nile/config/routes.rb": [
        1,
        null,
        1,
        1,
        1,
        null,
        null,
        null,
        1,
        null
      ],
      "/home/cotne_ok/Desktop/Projects/nile/app/controllers/api/v1/books_controller.rb": [
        1,
        1,
        1,
        1,
        null,
        1,
        4,
        null,
        4,
        null,
        null,
        1,
        1,
        1,
        null,
        1,
        1,
        null,
        0,
        null,
        null,
        null,
        1,
        1,
        null,
        1,
        null,
        null,
        1,
        1,
        null,
        4,
        null,
        null,
        null,
        null,
        1,
        1,
        null,
        null,
        1,
        1,
        null,
        null,
        null,
        null
      ],
      "/home/cotne_ok/Desktop/Projects/nile/app/controllers/application_controller.rb": [
        1,
        1,
        null,
        null,
        null,
        null,
        null,
        null,
        null
      ],
      "/home/cotne_ok/Desktop/Projects/nile/spec/models/author_spec.rb": [
        1,
        null,
        1,
        null
      ],
      "/home/cotne_ok/Desktop/Projects/nile/app/models/author.rb": [
        1,
        1,
        null
      ],
      "/home/cotne_ok/Desktop/Projects/nile/app/models/application_record.rb": [
        1,
        1,
        null
      ],
      "/home/cotne_ok/Desktop/Projects/nile/spec/requests/books_spec.rb": [
        1,
        null,
        1,
        5,
        4,
        null,
        1,
        1,
        3,
        3,
        null,
        null,
        1,
        1,
        1,
        1,
        1,
        null,
        null,
        null,
        null,
        null,
        null,
        null,
        null,
        null,
        null,
        null,
        null,
        null,
        null,
        null,
        1,
        1,
        1,
        1,
        1,
        null,
        null,
        null,
        null,
        null,
        null,
        null,
        null,
        1,
        1,
        1,
        1,
        1,
        null,
        null,
        null,
        null,
        null,
        null,
        null,
        null,
        null,
        1,
        1,
        1,
        1,
        null,
        null,
        null,
        2,
        1,
        1,
        1,
        null,
        null,
        null,
        null,
        null,
        null,
        null,
        null,
        null,
        null,
        null,
        null,
        null,
        null,
        null,
        1,
        2,
        null,
        1,
        4,
        1,
        null,
        null,
        null
      ],
      "/home/cotne_ok/Desktop/Projects/nile/app/models/book.rb": [
        1,
        1,
        null,
        1,
        null
      ],
      "/home/cotne_ok/Desktop/Projects/nile/app/representers/books_representer.rb": [
        1,
        1,
        4,
        null,
        null,
        1,
        4,
        null,
        4,
        null,
        null,
        null,
        null,
        null,
        null,
        null,
        1,
        null,
        1,
        null,
        1,
        4,
        null,
        null
      ],
      "/home/cotne_ok/Desktop/Projects/nile/app/representers/book_representer.rb": [
        1,
        1,
        1,
        null,
        null,
        1,
        null,
        1,
        null,
        null,
        null,
        null,
        null,
        null,
        1,
        null,
        1,
        null,
        1,
        1,
        null,
        null
      ]
    },
    "timestamp": 1607193019
  }
}
